2025-03-26 09:27:08.193 +01:00 [INF] Application is shutting down...
2025-03-26 12:43:49.180 +01:00 [INF] Application started successfully.
2025-03-26 12:43:49.320 +01:00 [INF] User profile is available. Using 'C:\Users\HP\AppData\Local\ASP.NET\DataProtection-Keys' as key repository and Windows DPAPI to encrypt keys at rest.
2025-03-26 12:43:49.481 +01:00 [INF] Now listening on: http://localhost:5073
2025-03-26 12:43:49.486 +01:00 [INF] Application started. Press Ctrl+C to shut down.
2025-03-26 12:43:49.489 +01:00 [INF] Hosting environment: Development
2025-03-26 12:43:49.492 +01:00 [INF] Content root path: C:\Users\HP\Desktop\BrainThrust
2025-03-26 12:45:05.013 +01:00 [INF] Request starting HTTP/1.1 GET http://localhost:5073/swagger/index.html - null null
2025-03-26 12:45:05.543 +01:00 [INF] Request finished HTTP/1.1 GET http://localhost:5073/swagger/index.html - 200 null text/html;charset=utf-8 534.1206ms
2025-03-26 12:45:06.047 +01:00 [INF] Request starting HTTP/1.1 GET http://localhost:5073/swagger/v1/swagger.json - null null
2025-03-26 12:45:06.474 +01:00 [INF] Request finished HTTP/1.1 GET http://localhost:5073/swagger/v1/swagger.json - 200 null application/json;charset=utf-8 427.8237ms
2025-03-26 12:46:26.730 +01:00 [INF] Request starting HTTP/1.1 GET http://localhost:5073/api/dashboard - null null
2025-03-26 12:46:26.765 +01:00 [WRN] Failed to determine the https port for redirect.
2025-03-26 12:46:26.989 +01:00 [INF] Authorization failed. These requirements were not met:
DenyAnonymousAuthorizationRequirement: Requires an authenticated user.
2025-03-26 12:46:27.004 +01:00 [INF] AuthenticationScheme: Bearer was challenged.
2025-03-26 12:46:27.020 +01:00 [INF] Request finished HTTP/1.1 GET http://localhost:5073/api/dashboard - 401 0 null 289.373ms
2025-03-26 12:46:51.458 +01:00 [INF] Request starting HTTP/1.1 POST http://localhost:5073/api/users/login - application/json 131
2025-03-26 12:46:51.525 +01:00 [WRN] JWT Authentication Failed!
2025-03-26 12:46:51.530 +01:00 [INF] Executing endpoint 'BrainThrust.src.Controllers.UserController.Login (BrainThrust)'
2025-03-26 12:46:51.607 +01:00 [INF] Route matched with {action = "Login", controller = "User"}. Executing controller action with signature System.Threading.Tasks.Task`1[Microsoft.AspNetCore.Mvc.IActionResult] Login(BrainThrust.src.Dtos.UserDtos.UserLoginDto) on controller BrainThrust.src.Controllers.UserController (BrainThrust).
2025-03-26 12:46:52.128 +01:00 [INF] Login attempt for email: oladimejiwilliams@outlook.com
2025-03-26 12:46:56.334 +01:00 [INF] Executed DbCommand (122ms) [Parameters=[@__ToLower_0='?' (Size = 4000)], CommandType='"Text"', CommandTimeout='30']
SELECT TOP(1) [u].[Id], [u].[Address], [u].[Created], [u].[DateDeleted], [u].[Email], [u].[FirstName], [u].[IsDeleted], [u].[LastName], [u].[Modified], [u].[PasswordHash], [u].[PasswordResetToken], [u].[PasswordSalt], [u].[PhoneNumber], [u].[Role], [u].[TokenExpiry]
FROM [Users] AS [u]
WHERE [u].[IsDeleted] = CAST(0 AS bit) AND LOWER([u].[Email]) = @__ToLower_0
2025-03-26 12:46:56.469 +01:00 [ERR] An exception occurred while iterating over the results of a query for context type 'ApplicationDbContext'.
System.Data.SqlTypes.SqlNullValueException: Data is Null. This method or property cannot be called on Null values.
   at Microsoft.Data.SqlClient.SqlBuffer.ThrowIfNull()
   at Microsoft.Data.SqlClient.SqlBuffer.get_DateTime()
   at Microsoft.Data.SqlClient.SqlDataReader.GetDateTime(Int32 i)
   at lambda_method32(Closure, QueryContext, DbDataReader, ResultContext, SingleQueryResultCoordinator)
   at Microsoft.EntityFrameworkCore.Query.Internal.SingleQueryingEnumerable`1.AsyncEnumerator.MoveNextAsync()
System.Data.SqlTypes.SqlNullValueException: Data is Null. This method or property cannot be called on Null values.
   at Microsoft.Data.SqlClient.SqlBuffer.ThrowIfNull()
   at Microsoft.Data.SqlClient.SqlBuffer.get_DateTime()
   at Microsoft.Data.SqlClient.SqlDataReader.GetDateTime(Int32 i)
   at lambda_method32(Closure, QueryContext, DbDataReader, ResultContext, SingleQueryResultCoordinator)
   at Microsoft.EntityFrameworkCore.Query.Internal.SingleQueryingEnumerable`1.AsyncEnumerator.MoveNextAsync()
2025-03-26 12:46:56.566 +01:00 [INF] Executed action BrainThrust.src.Controllers.UserController.Login (BrainThrust) in 4941.9181ms
2025-03-26 12:46:56.571 +01:00 [INF] Executed endpoint 'BrainThrust.src.Controllers.UserController.Login (BrainThrust)'
2025-03-26 12:46:56.584 +01:00 [ERR] An unhandled exception has occurred while executing the request.
System.Data.SqlTypes.SqlNullValueException: Data is Null. This method or property cannot be called on Null values.
   at Microsoft.Data.SqlClient.SqlBuffer.ThrowIfNull()
   at Microsoft.Data.SqlClient.SqlBuffer.get_DateTime()
   at Microsoft.Data.SqlClient.SqlDataReader.GetDateTime(Int32 i)
   at lambda_method32(Closure, QueryContext, DbDataReader, ResultContext, SingleQueryResultCoordinator)
   at Microsoft.EntityFrameworkCore.Query.Internal.SingleQueryingEnumerable`1.AsyncEnumerator.MoveNextAsync()
   at Microsoft.EntityFrameworkCore.Query.ShapedQueryCompilingExpressionVisitor.SingleOrDefaultAsync[TSource](IAsyncEnumerable`1 asyncEnumerable, CancellationToken cancellationToken)
   at Microsoft.EntityFrameworkCore.Query.ShapedQueryCompilingExpressionVisitor.SingleOrDefaultAsync[TSource](IAsyncEnumerable`1 asyncEnumerable, CancellationToken cancellationToken)
   at BrainThrust.src.Controllers.UserController.Login(UserLoginDto userLoginDto) in C:\Users\HP\Desktop\BrainThrust\src\Controllers\UserController.cs:line 121
   at Microsoft.AspNetCore.Mvc.Infrastructure.ActionMethodExecutor.TaskOfIActionResultExecutor.Execute(ActionContext actionContext, IActionResultTypeMapper mapper, ObjectMethodExecutor executor, Object controller, Object[] arguments)
   at Microsoft.AspNetCore.Mvc.Infrastructure.ControllerActionInvoker.<InvokeActionMethodAsync>g__Awaited|12_0(ControllerActionInvoker invoker, ValueTask`1 actionResultValueTask)
   at Microsoft.AspNetCore.Mvc.Infrastructure.ControllerActionInvoker.<InvokeNextActionFilterAsync>g__Awaited|10_0(ControllerActionInvoker invoker, Task lastTask, State next, Scope scope, Object state, Boolean isCompleted)
   at Microsoft.AspNetCore.Mvc.Infrastructure.ControllerActionInvoker.Rethrow(ActionExecutedContextSealed context)
   at Microsoft.AspNetCore.Mvc.Infrastructure.ControllerActionInvoker.Next(State& next, Scope& scope, Object& state, Boolean& isCompleted)
   at Microsoft.AspNetCore.Mvc.Infrastructure.ControllerActionInvoker.<InvokeInnerFilterAsync>g__Awaited|13_0(ControllerActionInvoker invoker, Task lastTask, State next, Scope scope, Object state, Boolean isCompleted)
   at Microsoft.AspNetCore.Mvc.Infrastructure.ResourceInvoker.<InvokeFilterPipelineAsync>g__Awaited|20_0(ResourceInvoker invoker, Task lastTask, State next, Scope scope, Object state, Boolean isCompleted)
   at Microsoft.AspNetCore.Mvc.Infrastructure.ResourceInvoker.<InvokeAsync>g__Logged|17_1(ResourceInvoker invoker)
   at Microsoft.AspNetCore.Mvc.Infrastructure.ResourceInvoker.<InvokeAsync>g__Logged|17_1(ResourceInvoker invoker)
   at Microsoft.AspNetCore.Routing.EndpointMiddleware.<Invoke>g__AwaitRequestTask|7_0(Endpoint endpoint, Task requestTask, ILogger logger)
   at Program.<>c.<<<Main>$>b__0_6>d.MoveNext() in C:\Users\HP\Desktop\BrainThrust\Program.cs:line 111
--- End of stack trace from previous location ---
   at Microsoft.AspNetCore.Authorization.AuthorizationMiddleware.Invoke(HttpContext context)
   at Microsoft.AspNetCore.Authentication.AuthenticationMiddleware.Invoke(HttpContext context)
   at Swashbuckle.AspNetCore.SwaggerUI.SwaggerUIMiddleware.Invoke(HttpContext httpContext)
   at Swashbuckle.AspNetCore.Swagger.SwaggerMiddleware.Invoke(HttpContext httpContext, ISwaggerProvider swaggerProvider)
   at Microsoft.AspNetCore.Diagnostics.DeveloperExceptionPageMiddlewareImpl.Invoke(HttpContext context)
2025-03-26 12:46:56.687 +01:00 [INF] Request finished HTTP/1.1 POST http://localhost:5073/api/users/login - 500 null text/plain; charset=utf-8 5228.9482ms
2025-03-26 13:05:44.687 +01:00 [INF] Application is shutting down...
2025-03-26 13:06:26.349 +01:00 [INF] Application started successfully.
2025-03-26 13:06:26.452 +01:00 [INF] User profile is available. Using 'C:\Users\HP\AppData\Local\ASP.NET\DataProtection-Keys' as key repository and Windows DPAPI to encrypt keys at rest.
2025-03-26 13:06:26.546 +01:00 [INF] Now listening on: http://localhost:5073
2025-03-26 13:06:26.552 +01:00 [INF] Application started. Press Ctrl+C to shut down.
2025-03-26 13:06:26.556 +01:00 [INF] Hosting environment: Development
2025-03-26 13:06:26.558 +01:00 [INF] Content root path: C:\Users\HP\Desktop\BrainThrust
2025-03-26 13:06:50.794 +01:00 [INF] Request starting HTTP/1.1 GET http://localhost:5073/swagger/index.html - null null
2025-03-26 13:06:50.987 +01:00 [INF] Request finished HTTP/1.1 GET http://localhost:5073/swagger/index.html - 200 null text/html;charset=utf-8 194.7531ms
2025-03-26 13:06:51.275 +01:00 [INF] Request starting HTTP/1.1 GET http://localhost:5073/swagger/v1/swagger.json - null null
2025-03-26 13:06:51.503 +01:00 [INF] Request finished HTTP/1.1 GET http://localhost:5073/swagger/v1/swagger.json - 200 null application/json;charset=utf-8 228.6146ms
2025-03-26 13:07:05.725 +01:00 [INF] Request starting HTTP/1.1 POST http://localhost:5073/api/users/login - application/json 131
2025-03-26 13:07:05.771 +01:00 [WRN] Failed to determine the https port for redirect.
2025-03-26 13:07:05.863 +01:00 [WRN] JWT Authentication Failed!
2025-03-26 13:07:05.867 +01:00 [INF] Executing endpoint 'BrainThrust.src.Controllers.UserController.Login (BrainThrust)'
2025-03-26 13:07:05.910 +01:00 [INF] Route matched with {action = "Login", controller = "User"}. Executing controller action with signature System.Threading.Tasks.Task`1[Microsoft.AspNetCore.Mvc.IActionResult] Login(BrainThrust.src.Dtos.UserDtos.UserLoginDto) on controller BrainThrust.src.Controllers.UserController (BrainThrust).
2025-03-26 13:07:06.185 +01:00 [INF] Login attempt for email: oladimejiwilliams@outlook.com
2025-03-26 13:07:09.034 +01:00 [INF] Executed DbCommand (73ms) [Parameters=[@__ToLower_0='?' (Size = 4000)], CommandType='"Text"', CommandTimeout='30']
SELECT TOP(1) [u].[Id], [u].[Address], [u].[Created], [u].[DateDeleted], [u].[Email], [u].[FirstName], [u].[IsDeleted], [u].[LastName], [u].[Modified], [u].[PasswordHash], [u].[PasswordResetToken], [u].[PasswordSalt], [u].[PhoneNumber], [u].[Role], [u].[TokenExpiry]
FROM [Users] AS [u]
WHERE [u].[IsDeleted] = CAST(0 AS bit) AND LOWER([u].[Email]) = @__ToLower_0
2025-03-26 13:07:09.114 +01:00 [ERR] An exception occurred while iterating over the results of a query for context type 'ApplicationDbContext'.
System.Data.SqlTypes.SqlNullValueException: Data is Null. This method or property cannot be called on Null values.
   at Microsoft.Data.SqlClient.SqlBuffer.ThrowIfNull()
   at Microsoft.Data.SqlClient.SqlBuffer.get_DateTime()
   at Microsoft.Data.SqlClient.SqlDataReader.GetDateTime(Int32 i)
   at lambda_method32(Closure, QueryContext, DbDataReader, ResultContext, SingleQueryResultCoordinator)
   at Microsoft.EntityFrameworkCore.Query.Internal.SingleQueryingEnumerable`1.AsyncEnumerator.MoveNextAsync()
System.Data.SqlTypes.SqlNullValueException: Data is Null. This method or property cannot be called on Null values.
   at Microsoft.Data.SqlClient.SqlBuffer.ThrowIfNull()
   at Microsoft.Data.SqlClient.SqlBuffer.get_DateTime()
   at Microsoft.Data.SqlClient.SqlDataReader.GetDateTime(Int32 i)
   at lambda_method32(Closure, QueryContext, DbDataReader, ResultContext, SingleQueryResultCoordinator)
   at Microsoft.EntityFrameworkCore.Query.Internal.SingleQueryingEnumerable`1.AsyncEnumerator.MoveNextAsync()
2025-03-26 13:07:09.153 +01:00 [INF] Executed action BrainThrust.src.Controllers.UserController.Login (BrainThrust) in 3236.0504ms
2025-03-26 13:07:09.159 +01:00 [INF] Executed endpoint 'BrainThrust.src.Controllers.UserController.Login (BrainThrust)'
2025-03-26 13:07:09.166 +01:00 [ERR] An unhandled exception has occurred while executing the request.
System.Data.SqlTypes.SqlNullValueException: Data is Null. This method or property cannot be called on Null values.
   at Microsoft.Data.SqlClient.SqlBuffer.ThrowIfNull()
   at Microsoft.Data.SqlClient.SqlBuffer.get_DateTime()
   at Microsoft.Data.SqlClient.SqlDataReader.GetDateTime(Int32 i)
   at lambda_method32(Closure, QueryContext, DbDataReader, ResultContext, SingleQueryResultCoordinator)
   at Microsoft.EntityFrameworkCore.Query.Internal.SingleQueryingEnumerable`1.AsyncEnumerator.MoveNextAsync()
   at Microsoft.EntityFrameworkCore.Query.ShapedQueryCompilingExpressionVisitor.SingleOrDefaultAsync[TSource](IAsyncEnumerable`1 asyncEnumerable, CancellationToken cancellationToken)
   at Microsoft.EntityFrameworkCore.Query.ShapedQueryCompilingExpressionVisitor.SingleOrDefaultAsync[TSource](IAsyncEnumerable`1 asyncEnumerable, CancellationToken cancellationToken)
   at BrainThrust.src.Controllers.UserController.Login(UserLoginDto userLoginDto) in C:\Users\HP\Desktop\BrainThrust\src\Controllers\UserController.cs:line 121
   at Microsoft.AspNetCore.Mvc.Infrastructure.ActionMethodExecutor.TaskOfIActionResultExecutor.Execute(ActionContext actionContext, IActionResultTypeMapper mapper, ObjectMethodExecutor executor, Object controller, Object[] arguments)
   at Microsoft.AspNetCore.Mvc.Infrastructure.ControllerActionInvoker.<InvokeActionMethodAsync>g__Awaited|12_0(ControllerActionInvoker invoker, ValueTask`1 actionResultValueTask)
   at Microsoft.AspNetCore.Mvc.Infrastructure.ControllerActionInvoker.<InvokeNextActionFilterAsync>g__Awaited|10_0(ControllerActionInvoker invoker, Task lastTask, State next, Scope scope, Object state, Boolean isCompleted)
   at Microsoft.AspNetCore.Mvc.Infrastructure.ControllerActionInvoker.Rethrow(ActionExecutedContextSealed context)
   at Microsoft.AspNetCore.Mvc.Infrastructure.ControllerActionInvoker.Next(State& next, Scope& scope, Object& state, Boolean& isCompleted)
   at Microsoft.AspNetCore.Mvc.Infrastructure.ControllerActionInvoker.<InvokeInnerFilterAsync>g__Awaited|13_0(ControllerActionInvoker invoker, Task lastTask, State next, Scope scope, Object state, Boolean isCompleted)
   at Microsoft.AspNetCore.Mvc.Infrastructure.ResourceInvoker.<InvokeFilterPipelineAsync>g__Awaited|20_0(ResourceInvoker invoker, Task lastTask, State next, Scope scope, Object state, Boolean isCompleted)
   at Microsoft.AspNetCore.Mvc.Infrastructure.ResourceInvoker.<InvokeAsync>g__Logged|17_1(ResourceInvoker invoker)
   at Microsoft.AspNetCore.Mvc.Infrastructure.ResourceInvoker.<InvokeAsync>g__Logged|17_1(ResourceInvoker invoker)
   at Microsoft.AspNetCore.Routing.EndpointMiddleware.<Invoke>g__AwaitRequestTask|7_0(Endpoint endpoint, Task requestTask, ILogger logger)
   at Program.<>c.<<<Main>$>b__0_6>d.MoveNext() in C:\Users\HP\Desktop\BrainThrust\Program.cs:line 111
--- End of stack trace from previous location ---
   at Microsoft.AspNetCore.Authorization.AuthorizationMiddleware.Invoke(HttpContext context)
   at Microsoft.AspNetCore.Authentication.AuthenticationMiddleware.Invoke(HttpContext context)
   at Swashbuckle.AspNetCore.SwaggerUI.SwaggerUIMiddleware.Invoke(HttpContext httpContext)
   at Swashbuckle.AspNetCore.Swagger.SwaggerMiddleware.Invoke(HttpContext httpContext, ISwaggerProvider swaggerProvider)
   at Microsoft.AspNetCore.Diagnostics.DeveloperExceptionPageMiddlewareImpl.Invoke(HttpContext context)
2025-03-26 13:07:09.231 +01:00 [INF] Request finished HTTP/1.1 POST http://localhost:5073/api/users/login - 500 null text/plain; charset=utf-8 3506.0541ms
2025-03-26 13:10:49.191 +01:00 [INF] Application is shutting down...
2025-03-26 13:11:32.357 +01:00 [INF] Application started successfully.
2025-03-26 13:11:33.434 +01:00 [INF] User profile is available. Using 'C:\Users\HP\AppData\Local\ASP.NET\DataProtection-Keys' as key repository and Windows DPAPI to encrypt keys at rest.
2025-03-26 13:11:34.455 +01:00 [INF] Now listening on: http://localhost:5073
2025-03-26 13:11:35.528 +01:00 [INF] Application started. Press Ctrl+C to shut down.
2025-03-26 13:11:36.545 +01:00 [INF] Hosting environment: Development
2025-03-26 13:11:37.261 +01:00 [INF] Content root path: C:\Users\HP\Desktop\BrainThrust
2025-03-26 13:12:40.333 +01:00 [INF] Request starting HTTP/1.1 GET http://localhost:5073/swagger/index.html - null null
2025-03-26 13:12:40.628 +01:00 [INF] Request finished HTTP/1.1 GET http://localhost:5073/swagger/index.html - 200 null text/html;charset=utf-8 296.4803ms
2025-03-26 13:12:40.767 +01:00 [INF] Request starting HTTP/1.1 GET http://localhost:5073/swagger/v1/swagger.json - null null
2025-03-26 13:12:41.094 +01:00 [INF] Request finished HTTP/1.1 GET http://localhost:5073/swagger/v1/swagger.json - 200 null application/json;charset=utf-8 327.7944ms
2025-03-26 13:13:45.965 +01:00 [INF] Request starting HTTP/1.1 POST http://localhost:5073/api/users/login - application/json 131
2025-03-26 13:13:46.008 +01:00 [WRN] Failed to determine the https port for redirect.
2025-03-26 13:13:46.133 +01:00 [WRN] JWT Authentication Failed!
2025-03-26 13:13:46.142 +01:00 [INF] Executing endpoint 'BrainThrust.src.Controllers.UserController.Login (BrainThrust)'
2025-03-26 13:13:46.233 +01:00 [INF] Route matched with {action = "Login", controller = "User"}. Executing controller action with signature System.Threading.Tasks.Task`1[Microsoft.AspNetCore.Mvc.IActionResult] Login(BrainThrust.src.Dtos.UserDtos.UserLoginDto) on controller BrainThrust.src.Controllers.UserController (BrainThrust).
2025-03-26 13:13:46.709 +01:00 [INF] Login attempt for email: oladimejiwilliams@outlook.com
2025-03-26 13:13:50.668 +01:00 [INF] Executed DbCommand (76ms) [Parameters=[@__ToLower_0='?' (Size = 4000)], CommandType='"Text"', CommandTimeout='30']
SELECT TOP(1) [u].[Id], [u].[Address], [u].[Created], [u].[DateDeleted], [u].[Email], [u].[FirstName], [u].[IsDeleted], [u].[LastName], [u].[Modified], [u].[PasswordHash], [u].[PasswordResetToken], [u].[PasswordSalt], [u].[PhoneNumber], [u].[Role], [u].[TokenExpiry]
FROM [Users] AS [u]
WHERE [u].[IsDeleted] = CAST(0 AS bit) AND LOWER([u].[Email]) = @__ToLower_0
2025-03-26 13:13:50.987 +01:00 [INF] User oladimejiwilliams@outlook.com successfully logged in.
2025-03-26 13:13:51.016 +01:00 [INF] Executing OkObjectResult, writing value of type '<>f__AnonymousType19`3[[System.String, System.Private.CoreLib, Version=8.0.0.0, Culture=neutral, PublicKeyToken=7cec85d7bea7798e],[System.String, System.Private.CoreLib, Version=8.0.0.0, Culture=neutral, PublicKeyToken=7cec85d7bea7798e],[BrainThrust.src.Dtos.UserDtos.GetUserDto, BrainThrust, Version=1.0.0.0, Culture=neutral, PublicKeyToken=null]]'.
2025-03-26 13:13:51.079 +01:00 [INF] Executed action BrainThrust.src.Controllers.UserController.Login (BrainThrust) in 4826.2959ms
2025-03-26 13:13:51.085 +01:00 [INF] Executed endpoint 'BrainThrust.src.Controllers.UserController.Login (BrainThrust)'
2025-03-26 13:13:51.111 +01:00 [INF] Request finished HTTP/1.1 POST http://localhost:5073/api/users/login - 200 null application/json; charset=utf-8 5145.7586ms
2025-03-26 13:14:07.522 +01:00 [INF] Request starting HTTP/1.1 GET http://localhost:5073/api/dashboard - null null
2025-03-26 13:14:07.655 +01:00 [INF] Executing endpoint 'BrainThrust_API.Controllers.DashboardController.GetDashboardData (BrainThrust)'
2025-03-26 13:14:07.670 +01:00 [INF] Route matched with {action = "GetDashboardData", controller = "Dashboard"}. Executing controller action with signature System.Threading.Tasks.Task`1[Microsoft.AspNetCore.Mvc.IActionResult] GetDashboardData() on controller BrainThrust_API.Controllers.DashboardController (BrainThrust).
2025-03-26 13:14:07.803 +01:00 [INF] Executed DbCommand (11ms) [Parameters=[], CommandType='"Text"', CommandTimeout='30']
SELECT COUNT(*)
FROM [Users] AS [u]
WHERE [u].[IsDeleted] = CAST(0 AS bit)
2025-03-26 13:14:07.866 +01:00 [INF] Executed DbCommand (1ms) [Parameters=[], CommandType='"Text"', CommandTimeout='30']
SELECT COUNT(*)
FROM [Users] AS [u]
WHERE [u].[IsDeleted] = CAST(0 AS bit)
2025-03-26 13:14:07.908 +01:00 [INF] Executed DbCommand (7ms) [Parameters=[], CommandType='"Text"', CommandTimeout='30']
SELECT COUNT(*)
FROM [Users] AS [u]
WHERE [u].[IsDeleted] = CAST(0 AS bit) AND [u].[Created] >= DATEADD(day, CAST(-30.0E0 AS int), GETUTCDATE())
2025-03-26 13:14:07.982 +01:00 [INF] Executed DbCommand (24ms) [Parameters=[], CommandType='"Text"', CommandTimeout='30']
SELECT COUNT(*)
FROM [Subjects] AS [s]
WHERE [s].[IsDeleted] = CAST(0 AS bit)
2025-03-26 13:14:08.144 +01:00 [INF] Executed DbCommand (46ms) [Parameters=[@__p_0='?' (DbType = Int32)], CommandType='"Text"', CommandTimeout='30']
SELECT TOP(@__p_0) [e].[SubjectId], COUNT(*) AS [Enrollments]
FROM [Enrollments] AS [e]
WHERE [e].[IsDeleted] = CAST(0 AS bit)
GROUP BY [e].[SubjectId]
ORDER BY COUNT(*) DESC
2025-03-26 13:14:08.279 +01:00 [INF] Executed DbCommand (31ms) [Parameters=[@__p_0='?' (DbType = Int32)], CommandType='"Text"', CommandTimeout='30']
SELECT TOP(@__p_0) [u].[UserId], [u].[QuizId], CAST([u].[TotalScore] AS int), [u].[IsPassed], [u].[Created]
FROM [UserQuizAttempts] AS [u]
WHERE [u].[IsDeleted] = CAST(0 AS bit)
ORDER BY [u].[Created] DESC
2025-03-26 13:14:08.397 +01:00 [INF] Executed DbCommand (26ms) [Parameters=[@__p_0='?' (DbType = Int32)], CommandType='"Text"', CommandTimeout='30']
SELECT TOP(@__p_0) [u].[UserId], CAST(CAST(COALESCE(SUM([u].[TotalScore]), 0.0) AS int) AS float) AS [TotalScore]
FROM [UserQuizAttempts] AS [u]
WHERE [u].[IsDeleted] = CAST(0 AS bit)
GROUP BY [u].[UserId]
ORDER BY CAST(CAST(COALESCE(SUM([u].[TotalScore]), 0.0) AS int) AS float) DESC
2025-03-26 13:14:08.434 +01:00 [INF] Executing OkObjectResult, writing value of type 'BrainThrust.src.Dtos.ReportDtos.DashboardDto'.
2025-03-26 13:14:08.524 +01:00 [INF] Executed action BrainThrust_API.Controllers.DashboardController.GetDashboardData (BrainThrust) in 842.7999ms
2025-03-26 13:14:08.531 +01:00 [INF] Executed endpoint 'BrainThrust_API.Controllers.DashboardController.GetDashboardData (BrainThrust)'
2025-03-26 13:14:08.543 +01:00 [INF] Request finished HTTP/1.1 GET http://localhost:5073/api/dashboard - 200 null application/json; charset=utf-8 1021.2365ms
2025-03-26 13:29:32.484 +01:00 [INF] Application is shutting down...
2025-03-26 13:43:20.654 +01:00 [INF] Application started successfully.
2025-03-26 13:43:21.882 +01:00 [INF] User profile is available. Using 'C:\Users\HP\AppData\Local\ASP.NET\DataProtection-Keys' as key repository and Windows DPAPI to encrypt keys at rest.
2025-03-26 13:43:23.284 +01:00 [INF] Now listening on: http://localhost:5073
2025-03-26 13:43:24.580 +01:00 [INF] Application started. Press Ctrl+C to shut down.
2025-03-26 13:43:25.272 +01:00 [INF] Hosting environment: Development
2025-03-26 13:43:25.648 +01:00 [INF] Content root path: C:\Users\HP\Desktop\BrainThrust
2025-03-26 13:46:07.031 +01:00 [INF] Request starting HTTP/1.1 GET http://localhost:5073/swagger/index.html - null null
2025-03-26 13:46:07.314 +01:00 [INF] Request finished HTTP/1.1 GET http://localhost:5073/swagger/index.html - 200 null text/html;charset=utf-8 285.8102ms
2025-03-26 13:46:07.613 +01:00 [INF] Request starting HTTP/1.1 GET http://localhost:5073/swagger/v1/swagger.json - null null
2025-03-26 13:46:07.943 +01:00 [INF] Request finished HTTP/1.1 GET http://localhost:5073/swagger/v1/swagger.json - 200 null application/json;charset=utf-8 330.1943ms
2025-03-26 13:46:29.025 +01:00 [INF] Request starting HTTP/1.1 POST http://localhost:5073/api/users/login - application/json 131
2025-03-26 13:46:29.039 +01:00 [WRN] Failed to determine the https port for redirect.
2025-03-26 13:46:29.172 +01:00 [WRN] JWT Authentication Failed!
2025-03-26 13:46:29.178 +01:00 [INF] Executing endpoint 'BrainThrust.src.Controllers.UserController.Login (BrainThrust)'
2025-03-26 13:46:29.255 +01:00 [INF] Route matched with {action = "Login", controller = "User"}. Executing controller action with signature System.Threading.Tasks.Task`1[Microsoft.AspNetCore.Mvc.IActionResult] Login(BrainThrust.src.Dtos.UserDtos.UserLoginDto) on controller BrainThrust.src.Controllers.UserController (BrainThrust).
2025-03-26 13:46:29.645 +01:00 [INF] Login attempt for email: oladimejiwilliams@outlook.com
2025-03-26 13:46:33.406 +01:00 [INF] Executed DbCommand (94ms) [Parameters=[@__ToLower_0='?' (Size = 4000)], CommandType='"Text"', CommandTimeout='30']
SELECT TOP(1) [u].[Id], [u].[Address], [u].[Created], [u].[DateDeleted], [u].[Email], [u].[FirstName], [u].[IsDeleted], [u].[LastName], [u].[Modified], [u].[PasswordHash], [u].[PasswordResetToken], [u].[PasswordSalt], [u].[PhoneNumber], [u].[Role], [u].[TokenExpiry]
FROM [Users] AS [u]
WHERE [u].[IsDeleted] = CAST(0 AS bit) AND LOWER([u].[Email]) = @__ToLower_0
2025-03-26 13:46:33.712 +01:00 [INF] User oladimejiwilliams@outlook.com successfully logged in.
2025-03-26 13:46:33.732 +01:00 [INF] Executing OkObjectResult, writing value of type '<>f__AnonymousType19`3[[System.String, System.Private.CoreLib, Version=8.0.0.0, Culture=neutral, PublicKeyToken=7cec85d7bea7798e],[System.String, System.Private.CoreLib, Version=8.0.0.0, Culture=neutral, PublicKeyToken=7cec85d7bea7798e],[BrainThrust.src.Dtos.UserDtos.GetUserDto, BrainThrust, Version=1.0.0.0, Culture=neutral, PublicKeyToken=null]]'.
2025-03-26 13:46:33.804 +01:00 [INF] Executed action BrainThrust.src.Controllers.UserController.Login (BrainThrust) in 4537.2812ms
2025-03-26 13:46:33.809 +01:00 [INF] Executed endpoint 'BrainThrust.src.Controllers.UserController.Login (BrainThrust)'
2025-03-26 13:46:33.832 +01:00 [INF] Request finished HTTP/1.1 POST http://localhost:5073/api/users/login - 200 null application/json; charset=utf-8 4806.8724ms
2025-03-26 13:47:30.011 +01:00 [INF] Request starting HTTP/1.1 GET http://localhost:5073/api/dashboard - null null
2025-03-26 13:47:30.166 +01:00 [INF] Executing endpoint 'BrainThrust_API.Controllers.DashboardController.GetDashboardData (BrainThrust)'
2025-03-26 13:47:30.203 +01:00 [INF] Route matched with {action = "GetDashboardData", controller = "Dashboard"}. Executing controller action with signature System.Threading.Tasks.Task`1[Microsoft.AspNetCore.Mvc.IActionResult] GetDashboardData() on controller BrainThrust_API.Controllers.DashboardController (BrainThrust).
2025-03-26 13:47:30.370 +01:00 [INF] Executed DbCommand (7ms) [Parameters=[], CommandType='"Text"', CommandTimeout='30']
SELECT COUNT(*)
FROM [Users] AS [u]
WHERE [u].[IsDeleted] = CAST(0 AS bit)
2025-03-26 13:47:30.400 +01:00 [INF] Executed DbCommand (2ms) [Parameters=[], CommandType='"Text"', CommandTimeout='30']
SELECT COUNT(*)
FROM [Users] AS [u]
WHERE [u].[IsDeleted] = CAST(0 AS bit)
2025-03-26 13:47:30.440 +01:00 [INF] Executed DbCommand (4ms) [Parameters=[], CommandType='"Text"', CommandTimeout='30']
SELECT COUNT(*)
FROM [Users] AS [u]
WHERE [u].[IsDeleted] = CAST(0 AS bit) AND [u].[Created] >= DATEADD(day, CAST(-30.0E0 AS int), GETUTCDATE())
2025-03-26 13:47:30.490 +01:00 [INF] Executed DbCommand (23ms) [Parameters=[], CommandType='"Text"', CommandTimeout='30']
SELECT COUNT(*)
FROM [Subjects] AS [s]
WHERE [s].[IsDeleted] = CAST(0 AS bit)
2025-03-26 13:47:30.663 +01:00 [INF] Executed DbCommand (32ms) [Parameters=[@__p_0='?' (DbType = Int32)], CommandType='"Text"', CommandTimeout='30']
SELECT TOP(@__p_0) [e].[SubjectId], COUNT(*) AS [Enrollments]
FROM [Enrollments] AS [e]
WHERE [e].[IsDeleted] = CAST(0 AS bit)
GROUP BY [e].[SubjectId]
ORDER BY COUNT(*) DESC
2025-03-26 13:47:30.800 +01:00 [INF] Executed DbCommand (28ms) [Parameters=[@__p_0='?' (DbType = Int32)], CommandType='"Text"', CommandTimeout='30']
SELECT TOP(@__p_0) [u].[UserId], [u].[QuizId], CAST([u].[TotalScore] AS int), [u].[IsPassed], [u].[Created]
FROM [UserQuizAttempts] AS [u]
WHERE [u].[IsDeleted] = CAST(0 AS bit)
ORDER BY [u].[Created] DESC
2025-03-26 13:47:30.879 +01:00 [INF] Executed DbCommand (15ms) [Parameters=[@__p_0='?' (DbType = Int32)], CommandType='"Text"', CommandTimeout='30']
SELECT TOP(@__p_0) [u].[UserId], CAST(CAST(COALESCE(SUM([u].[TotalScore]), 0.0) AS int) AS float) AS [TotalScore]
FROM [UserQuizAttempts] AS [u]
WHERE [u].[IsDeleted] = CAST(0 AS bit)
GROUP BY [u].[UserId]
ORDER BY CAST(CAST(COALESCE(SUM([u].[TotalScore]), 0.0) AS int) AS float) DESC
2025-03-26 13:47:30.924 +01:00 [INF] Executing OkObjectResult, writing value of type 'BrainThrust.src.Dtos.ReportDtos.DashboardDto'.
2025-03-26 13:47:31.019 +01:00 [INF] Executed action BrainThrust_API.Controllers.DashboardController.GetDashboardData (BrainThrust) in 799.7655ms
2025-03-26 13:47:31.031 +01:00 [INF] Executed endpoint 'BrainThrust_API.Controllers.DashboardController.GetDashboardData (BrainThrust)'
2025-03-26 13:47:31.041 +01:00 [INF] Request finished HTTP/1.1 GET http://localhost:5073/api/dashboard - 200 null application/json; charset=utf-8 1029.2032ms
2025-03-26 14:15:16.426 +01:00 [INF] Application is shutting down...
2025-03-26 14:16:21.926 +01:00 [INF] Application started successfully.
2025-03-26 14:16:22.750 +01:00 [INF] User profile is available. Using 'C:\Users\HP\AppData\Local\ASP.NET\DataProtection-Keys' as key repository and Windows DPAPI to encrypt keys at rest.
2025-03-26 14:16:22.998 +01:00 [INF] Now listening on: http://localhost:5073
2025-03-26 14:16:23.006 +01:00 [INF] Application started. Press Ctrl+C to shut down.
2025-03-26 14:16:23.009 +01:00 [INF] Hosting environment: Development
2025-03-26 14:16:23.012 +01:00 [INF] Content root path: C:\Users\HP\Desktop\BrainThrust
2025-03-26 14:18:45.477 +01:00 [INF] Request starting HTTP/1.1 GET http://localhost:5073/swagger/index.html - null null
2025-03-26 14:18:45.808 +01:00 [INF] Request finished HTTP/1.1 GET http://localhost:5073/swagger/index.html - 200 null text/html;charset=utf-8 334.5673ms
2025-03-26 14:18:46.293 +01:00 [INF] Request starting HTTP/1.1 GET http://localhost:5073/swagger/v1/swagger.json - null null
2025-03-26 14:18:46.626 +01:00 [INF] Request finished HTTP/1.1 GET http://localhost:5073/swagger/v1/swagger.json - 200 null application/json;charset=utf-8 334.0512ms
2025-03-26 14:18:57.701 +01:00 [INF] Request starting HTTP/1.1 POST http://localhost:5073/api/users/login - application/json 131
2025-03-26 14:18:57.735 +01:00 [WRN] Failed to determine the https port for redirect.
2025-03-26 14:18:57.868 +01:00 [WRN] JWT Authentication Failed!
2025-03-26 14:18:57.873 +01:00 [INF] Executing endpoint 'BrainThrust.src.Controllers.UserController.Login (BrainThrust)'
2025-03-26 14:18:57.949 +01:00 [INF] Route matched with {action = "Login", controller = "User"}. Executing controller action with signature System.Threading.Tasks.Task`1[Microsoft.AspNetCore.Mvc.IActionResult] Login(BrainThrust.src.Dtos.UserDtos.UserLoginDto) on controller BrainThrust.src.Controllers.UserController (BrainThrust).
2025-03-26 14:18:58.326 +01:00 [INF] Login attempt for email: oladimejiwilliams@outlook.com
2025-03-26 14:19:02.566 +01:00 [INF] Executed DbCommand (106ms) [Parameters=[@__ToLower_0='?' (Size = 4000)], CommandType='"Text"', CommandTimeout='30']
SELECT TOP(1) [u].[Id], [u].[Address], [u].[Created], [u].[DateDeleted], [u].[Email], [u].[FirstName], [u].[IsDeleted], [u].[LastName], [u].[Modified], [u].[PasswordHash], [u].[PasswordResetToken], [u].[PasswordSalt], [u].[PhoneNumber], [u].[Role], [u].[TokenExpiry]
FROM [Users] AS [u]
WHERE [u].[IsDeleted] = CAST(0 AS bit) AND LOWER([u].[Email]) = @__ToLower_0
2025-03-26 14:19:02.855 +01:00 [INF] User oladimejiwilliams@outlook.com successfully logged in.
2025-03-26 14:19:02.884 +01:00 [INF] Executing OkObjectResult, writing value of type '<>f__AnonymousType19`3[[System.String, System.Private.CoreLib, Version=8.0.0.0, Culture=neutral, PublicKeyToken=7cec85d7bea7798e],[System.String, System.Private.CoreLib, Version=8.0.0.0, Culture=neutral, PublicKeyToken=7cec85d7bea7798e],[BrainThrust.src.Dtos.UserDtos.GetUserDto, BrainThrust, Version=1.0.0.0, Culture=neutral, PublicKeyToken=null]]'.
2025-03-26 14:19:02.945 +01:00 [INF] Executed action BrainThrust.src.Controllers.UserController.Login (BrainThrust) in 4983.3596ms
2025-03-26 14:19:02.950 +01:00 [INF] Executed endpoint 'BrainThrust.src.Controllers.UserController.Login (BrainThrust)'
2025-03-26 14:19:02.977 +01:00 [INF] Request finished HTTP/1.1 POST http://localhost:5073/api/users/login - 200 null application/json; charset=utf-8 5275.79ms
2025-03-26 14:19:19.084 +01:00 [INF] Request starting HTTP/1.1 GET http://localhost:5073/api/dashboard - null null
2025-03-26 14:19:19.221 +01:00 [INF] Executing endpoint 'BrainThrust_API.Controllers.DashboardController.GetDashboardData (BrainThrust)'
2025-03-26 14:19:19.235 +01:00 [INF] Route matched with {action = "GetDashboardData", controller = "Dashboard"}. Executing controller action with signature System.Threading.Tasks.Task`1[Microsoft.AspNetCore.Mvc.IActionResult] GetDashboardData() on controller BrainThrust_API.Controllers.DashboardController (BrainThrust).
2025-03-26 14:19:19.382 +01:00 [INF] Executed DbCommand (7ms) [Parameters=[], CommandType='"Text"', CommandTimeout='30']
SELECT COUNT(*)
FROM [Users] AS [u]
WHERE [u].[IsDeleted] = CAST(0 AS bit)
2025-03-26 14:19:19.449 +01:00 [INF] Executed DbCommand (5ms) [Parameters=[], CommandType='"Text"', CommandTimeout='30']
SELECT COUNT(*)
FROM [Users] AS [u]
WHERE [u].[IsDeleted] = CAST(0 AS bit)
2025-03-26 14:19:19.490 +01:00 [INF] Executed DbCommand (5ms) [Parameters=[], CommandType='"Text"', CommandTimeout='30']
SELECT COUNT(*)
FROM [Users] AS [u]
WHERE [u].[IsDeleted] = CAST(0 AS bit) AND [u].[Created] >= DATEADD(day, CAST(-30.0E0 AS int), GETUTCDATE())
2025-03-26 14:19:19.525 +01:00 [INF] Executed DbCommand (5ms) [Parameters=[], CommandType='"Text"', CommandTimeout='30']
SELECT COUNT(*)
FROM [Subjects] AS [s]
WHERE [s].[IsDeleted] = CAST(0 AS bit)
2025-03-26 14:19:19.589 +01:00 [INF] Executed DbCommand (29ms) [Parameters=[], CommandType='"Text"', CommandTimeout='30']
SELECT COUNT(*)
FROM [Topics] AS [t]
WHERE [t].[IsDeleted] = CAST(0 AS bit)
2025-03-26 14:19:19.615 +01:00 [INF] Executed DbCommand (7ms) [Parameters=[], CommandType='"Text"', CommandTimeout='30']
SELECT COUNT(*)
FROM [Lessons] AS [l]
WHERE [l].[IsDeleted] = CAST(0 AS bit)
2025-03-26 14:19:19.650 +01:00 [INF] Executed DbCommand (10ms) [Parameters=[], CommandType='"Text"', CommandTimeout='30']
SELECT COUNT(*)
FROM [Quizzes] AS [q]
WHERE [q].[IsDeleted] = CAST(0 AS bit)
2025-03-26 14:19:19.798 +01:00 [INF] Executed DbCommand (7ms) [Parameters=[@__p_0='?' (DbType = Int32)], CommandType='"Text"', CommandTimeout='30']
SELECT TOP(@__p_0) [e].[SubjectId], COUNT(*) AS [Enrollments]
FROM [Enrollments] AS [e]
WHERE [e].[IsDeleted] = CAST(0 AS bit)
GROUP BY [e].[SubjectId]
ORDER BY COUNT(*) DESC
2025-03-26 14:19:19.876 +01:00 [INF] Executed DbCommand (8ms) [Parameters=[@__p_0='?' (DbType = Int32)], CommandType='"Text"', CommandTimeout='30']
SELECT TOP(@__p_0) [u].[UserId], [u].[QuizId], CAST([u].[TotalScore] AS int), [u].[IsPassed], [u].[Created]
FROM [UserQuizAttempts] AS [u]
WHERE [u].[IsDeleted] = CAST(0 AS bit)
ORDER BY [u].[Created] DESC
2025-03-26 14:19:19.941 +01:00 [INF] Executed DbCommand (8ms) [Parameters=[@__p_0='?' (DbType = Int32)], CommandType='"Text"', CommandTimeout='30']
SELECT TOP(@__p_0) [u].[UserId], CAST(CAST(COALESCE(SUM([u].[TotalScore]), 0.0) AS int) AS float) AS [TotalScore]
FROM [UserQuizAttempts] AS [u]
WHERE [u].[IsDeleted] = CAST(0 AS bit)
GROUP BY [u].[UserId]
ORDER BY CAST(CAST(COALESCE(SUM([u].[TotalScore]), 0.0) AS int) AS float) DESC
2025-03-26 14:19:19.988 +01:00 [INF] Executing OkObjectResult, writing value of type 'BrainThrust.src.Dtos.ReportDtos.DashboardDto'.
2025-03-26 14:19:20.064 +01:00 [INF] Executed action BrainThrust_API.Controllers.DashboardController.GetDashboardData (BrainThrust) in 820.3842ms
2025-03-26 14:19:20.069 +01:00 [INF] Executed endpoint 'BrainThrust_API.Controllers.DashboardController.GetDashboardData (BrainThrust)'
2025-03-26 14:19:20.075 +01:00 [INF] Request finished HTTP/1.1 GET http://localhost:5073/api/dashboard - 200 null application/json; charset=utf-8 991.5578ms
2025-03-26 14:40:16.127 +01:00 [INF] Application is shutting down...
2025-03-26 15:21:09.039 +01:00 [INF] Application started successfully.
2025-03-26 15:21:09.863 +01:00 [INF] User profile is available. Using 'C:\Users\HP\AppData\Local\ASP.NET\DataProtection-Keys' as key repository and Windows DPAPI to encrypt keys at rest.
2025-03-26 15:21:11.522 +01:00 [INF] Now listening on: http://localhost:5073
2025-03-26 15:21:12.746 +01:00 [INF] Application started. Press Ctrl+C to shut down.
2025-03-26 15:21:13.226 +01:00 [INF] Hosting environment: Development
2025-03-26 15:21:13.492 +01:00 [INF] Content root path: C:\Users\HP\Desktop\BrainThrust
2025-03-26 15:21:31.674 +01:00 [INF] Request starting HTTP/1.1 GET http://localhost:5073/swagger/index.html - null null
2025-03-26 15:21:31.807 +01:00 [INF] Request finished HTTP/1.1 GET http://localhost:5073/swagger/index.html - 200 null text/html;charset=utf-8 134.0703ms
2025-03-26 15:21:32.038 +01:00 [INF] Request starting HTTP/1.1 GET http://localhost:5073/swagger/v1/swagger.json - null null
2025-03-26 15:21:32.190 +01:00 [INF] Request finished HTTP/1.1 GET http://localhost:5073/swagger/v1/swagger.json - 200 null application/json;charset=utf-8 152.793ms
2025-03-26 15:21:42.163 +01:00 [INF] Request starting HTTP/1.1 POST http://localhost:5073/api/users/login - application/json 131
2025-03-26 15:21:42.189 +01:00 [WRN] Failed to determine the https port for redirect.
2025-03-26 15:21:42.265 +01:00 [WRN] JWT Authentication Failed!
2025-03-26 15:21:42.267 +01:00 [INF] Executing endpoint 'BrainThrust.src.Controllers.UserController.Login (BrainThrust)'
2025-03-26 15:21:42.293 +01:00 [INF] Route matched with {action = "Login", controller = "User"}. Executing controller action with signature System.Threading.Tasks.Task`1[Microsoft.AspNetCore.Mvc.IActionResult] Login(BrainThrust.src.Dtos.UserDtos.UserLoginDto) on controller BrainThrust.src.Controllers.UserController (BrainThrust).
2025-03-26 15:21:42.511 +01:00 [INF] Login attempt for email: oladimejiwilliams@outlook.com
2025-03-26 15:21:44.803 +01:00 [INF] Executed DbCommand (55ms) [Parameters=[@__ToLower_0='?' (Size = 4000)], CommandType='"Text"', CommandTimeout='30']
SELECT TOP(1) [u].[Id], [u].[Address], [u].[Created], [u].[DateDeleted], [u].[Email], [u].[FirstName], [u].[IsDeleted], [u].[LastName], [u].[Modified], [u].[PasswordHash], [u].[PasswordResetToken], [u].[PasswordSalt], [u].[PhoneNumber], [u].[Role], [u].[TokenExpiry]
FROM [Users] AS [u]
WHERE [u].[IsDeleted] = CAST(0 AS bit) AND LOWER([u].[Email]) = @__ToLower_0
2025-03-26 15:21:44.926 +01:00 [INF] User oladimejiwilliams@outlook.com successfully logged in.
2025-03-26 15:21:44.936 +01:00 [INF] Executing OkObjectResult, writing value of type '<>f__AnonymousType19`3[[System.String, System.Private.CoreLib, Version=8.0.0.0, Culture=neutral, PublicKeyToken=7cec85d7bea7798e],[System.String, System.Private.CoreLib, Version=8.0.0.0, Culture=neutral, PublicKeyToken=7cec85d7bea7798e],[BrainThrust.src.Dtos.UserDtos.GetUserDto, BrainThrust, Version=1.0.0.0, Culture=neutral, PublicKeyToken=null]]'.
2025-03-26 15:21:44.965 +01:00 [INF] Executed action BrainThrust.src.Controllers.UserController.Login (BrainThrust) in 2664.4591ms
2025-03-26 15:21:44.968 +01:00 [INF] Executed endpoint 'BrainThrust.src.Controllers.UserController.Login (BrainThrust)'
2025-03-26 15:21:44.978 +01:00 [INF] Request finished HTTP/1.1 POST http://localhost:5073/api/users/login - 200 null application/json; charset=utf-8 2814.3244ms
2025-03-26 15:22:02.693 +01:00 [INF] Request starting HTTP/1.1 GET http://localhost:5073/api/dashboard - null null
2025-03-26 15:22:02.756 +01:00 [INF] Executing endpoint 'BrainThrust_API.Controllers.DashboardController.GetDashboard (BrainThrust)'
2025-03-26 15:22:02.762 +01:00 [INF] Route matched with {action = "GetDashboard", controller = "Dashboard"}. Executing controller action with signature System.Threading.Tasks.Task`1[Microsoft.AspNetCore.Mvc.IActionResult] GetDashboard() on controller BrainThrust_API.Controllers.DashboardController (BrainThrust).
2025-03-26 15:22:02.831 +01:00 [INF] Executed DbCommand (3ms) [Parameters=[], CommandType='"Text"', CommandTimeout='30']
SELECT COUNT(*)
FROM [Users] AS [u]
WHERE [u].[IsDeleted] = CAST(0 AS bit)
2025-03-26 15:22:02.847 +01:00 [INF] Executed DbCommand (0ms) [Parameters=[], CommandType='"Text"', CommandTimeout='30']
SELECT COUNT(*)
FROM [Users] AS [u]
WHERE [u].[IsDeleted] = CAST(0 AS bit)
2025-03-26 15:22:02.865 +01:00 [INF] Executed DbCommand (2ms) [Parameters=[], CommandType='"Text"', CommandTimeout='30']
SELECT COUNT(*)
FROM [Users] AS [u]
WHERE [u].[IsDeleted] = CAST(0 AS bit) AND [u].[Created] >= DATEADD(day, CAST(-30.0E0 AS int), GETUTCDATE())
2025-03-26 15:22:02.879 +01:00 [INF] Executed DbCommand (5ms) [Parameters=[], CommandType='"Text"', CommandTimeout='30']
SELECT COUNT(*)
FROM [Subjects] AS [s]
WHERE [s].[IsDeleted] = CAST(0 AS bit)
2025-03-26 15:22:02.890 +01:00 [INF] Executed DbCommand (4ms) [Parameters=[], CommandType='"Text"', CommandTimeout='30']
SELECT COUNT(*)
FROM [Topics] AS [t]
WHERE [t].[IsDeleted] = CAST(0 AS bit)
2025-03-26 15:22:02.902 +01:00 [INF] Executed DbCommand (2ms) [Parameters=[], CommandType='"Text"', CommandTimeout='30']
SELECT COUNT(*)
FROM [Lessons] AS [l]
WHERE [l].[IsDeleted] = CAST(0 AS bit)
2025-03-26 15:22:02.919 +01:00 [INF] Executed DbCommand (2ms) [Parameters=[], CommandType='"Text"', CommandTimeout='30']
SELECT COUNT(*)
FROM [Quizzes] AS [q]
WHERE [q].[IsDeleted] = CAST(0 AS bit)
2025-03-26 15:22:02.971 +01:00 [INF] Executed DbCommand (3ms) [Parameters=[@__p_0='?' (DbType = Int32)], CommandType='"Text"', CommandTimeout='30']
SELECT TOP(@__p_0) [e].[SubjectId], COUNT(*) AS [Enrollments]
FROM [Enrollments] AS [e]
WHERE [e].[IsDeleted] = CAST(0 AS bit)
GROUP BY [e].[SubjectId]
ORDER BY COUNT(*) DESC
2025-03-26 15:22:02.999 +01:00 [INF] Executed DbCommand (3ms) [Parameters=[@__p_0='?' (DbType = Int32)], CommandType='"Text"', CommandTimeout='30']
SELECT TOP(@__p_0) [u].[UserId], [u].[QuizId], CAST([u].[TotalScore] AS int), [u].[IsPassed], [u].[Created]
FROM [UserQuizAttempts] AS [u]
WHERE [u].[IsDeleted] = CAST(0 AS bit)
ORDER BY [u].[Created] DESC
2025-03-26 15:22:03.025 +01:00 [INF] Executed DbCommand (5ms) [Parameters=[@__p_0='?' (DbType = Int32)], CommandType='"Text"', CommandTimeout='30']
SELECT TOP(@__p_0) [u].[UserId], CAST(CAST(COALESCE(SUM([u].[TotalScore]), 0.0) AS int) AS float) AS [TotalScore]
FROM [UserQuizAttempts] AS [u]
WHERE [u].[IsDeleted] = CAST(0 AS bit)
GROUP BY [u].[UserId]
ORDER BY CAST(CAST(COALESCE(SUM([u].[TotalScore]), 0.0) AS int) AS float) DESC
2025-03-26 15:22:03.037 +01:00 [INF] Executed DbCommand (2ms) [Parameters=[@__userId_0='?' (DbType = Int32)], CommandType='"Text"', CommandTimeout='30']
SELECT COUNT(*)
FROM [SubjectProgresses] AS [s]
WHERE [s].[IsDeleted] = CAST(0 AS bit) AND [s].[UserId] = @__userId_0 AND [s].[IsCompleted] = CAST(1 AS bit)
2025-03-26 15:22:03.053 +01:00 [INF] Executed DbCommand (2ms) [Parameters=[@__userId_0='?' (DbType = Int32)], CommandType='"Text"', CommandTimeout='30']
SELECT COUNT(*)
FROM [TopicProgresses] AS [t]
WHERE [t].[IsDeleted] = CAST(0 AS bit) AND [t].[UserId] = @__userId_0 AND [t].[IsCompleted] = CAST(1 AS bit)
2025-03-26 15:22:03.088 +01:00 [INF] Executed DbCommand (22ms) [Parameters=[@__userId_0='?' (DbType = Int32)], CommandType='"Text"', CommandTimeout='30']
SELECT COUNT(*)
FROM [LessonProgresses] AS [l]
WHERE [l].[IsDeleted] = CAST(0 AS bit) AND [l].[UserId] = @__userId_0 AND [l].[IsCompleted] = CAST(1 AS bit)
2025-03-26 15:22:03.119 +01:00 [INF] Executed DbCommand (11ms) [Parameters=[@__userId_0='?' (DbType = Int32)], CommandType='"Text"', CommandTimeout='30']
SELECT COUNT(*)
FROM [UserQuizAttempts] AS [u]
WHERE [u].[IsDeleted] = CAST(0 AS bit) AND [u].[UserId] = @__userId_0 AND [u].[IsPassed] = CAST(1 AS bit)
2025-03-26 15:22:03.133 +01:00 [INF] Executing OkObjectResult, writing value of type 'BrainThrust.src.Dtos.ReportDtos.DashboardDto'.
2025-03-26 15:22:03.167 +01:00 [INF] Executed action BrainThrust_API.Controllers.DashboardController.GetDashboard (BrainThrust) in 400.2918ms
2025-03-26 15:22:03.169 +01:00 [INF] Executed endpoint 'BrainThrust_API.Controllers.DashboardController.GetDashboard (BrainThrust)'
2025-03-26 15:22:03.170 +01:00 [INF] Request finished HTTP/1.1 GET http://localhost:5073/api/dashboard - 200 null application/json; charset=utf-8 477.2553ms
2025-03-26 15:23:04.609 +01:00 [INF] Application is shutting down...
2025-03-26 15:50:12.611 +01:00 [INF] Application started successfully.
2025-03-26 15:50:12.962 +01:00 [INF] User profile is available. Using 'C:\Users\HP\AppData\Local\ASP.NET\DataProtection-Keys' as key repository and Windows DPAPI to encrypt keys at rest.
2025-03-26 15:50:13.081 +01:00 [INF] Now listening on: http://localhost:5073
2025-03-26 15:50:13.088 +01:00 [INF] Application started. Press Ctrl+C to shut down.
2025-03-26 15:50:13.092 +01:00 [INF] Hosting environment: Development
2025-03-26 15:50:13.094 +01:00 [INF] Content root path: C:\Users\HP\Desktop\BrainThrust
2025-03-26 15:50:17.482 +01:00 [INF] Request starting HTTP/1.1 GET http://localhost:5073/swagger/index.html - null null
2025-03-26 15:50:17.722 +01:00 [INF] Request finished HTTP/1.1 GET http://localhost:5073/swagger/index.html - 200 null text/html;charset=utf-8 242.6346ms
2025-03-26 15:50:18.114 +01:00 [INF] Request starting HTTP/1.1 GET http://localhost:5073/swagger/v1/swagger.json - null null
2025-03-26 15:50:18.379 +01:00 [INF] Request finished HTTP/1.1 GET http://localhost:5073/swagger/v1/swagger.json - 200 null application/json;charset=utf-8 265.5343ms
2025-03-26 15:50:26.699 +01:00 [INF] Request starting HTTP/1.1 POST http://localhost:5073/api/users/login - application/json 131
2025-03-26 15:50:26.725 +01:00 [WRN] Failed to determine the https port for redirect.
2025-03-26 15:50:26.815 +01:00 [WRN] JWT Authentication Failed!
2025-03-26 15:50:26.820 +01:00 [INF] Executing endpoint 'BrainThrust.src.Controllers.UserController.Login (BrainThrust)'
2025-03-26 15:50:26.879 +01:00 [INF] Route matched with {action = "Login", controller = "User"}. Executing controller action with signature System.Threading.Tasks.Task`1[Microsoft.AspNetCore.Mvc.IActionResult] Login(BrainThrust.src.Dtos.UserDtos.UserLoginDto) on controller BrainThrust.src.Controllers.UserController (BrainThrust).
2025-03-26 15:50:27.200 +01:00 [INF] Login attempt for email: oladimejiwilliams@outlook.com
2025-03-26 15:50:30.767 +01:00 [INF] Executed DbCommand (60ms) [Parameters=[@__ToLower_0='?' (Size = 4000)], CommandType='"Text"', CommandTimeout='30']
SELECT TOP(1) [u].[Id], [u].[Address], [u].[Created], [u].[DateDeleted], [u].[Email], [u].[FirstName], [u].[IsDeleted], [u].[LastName], [u].[Modified], [u].[PasswordHash], [u].[PasswordResetToken], [u].[PasswordSalt], [u].[PhoneNumber], [u].[Role], [u].[TokenExpiry]
FROM [Users] AS [u]
WHERE [u].[IsDeleted] = CAST(0 AS bit) AND LOWER([u].[Email]) = @__ToLower_0
2025-03-26 15:50:30.992 +01:00 [INF] User oladimejiwilliams@outlook.com successfully logged in.
2025-03-26 15:50:31.006 +01:00 [INF] Executing OkObjectResult, writing value of type '<>f__AnonymousType19`3[[System.String, System.Private.CoreLib, Version=8.0.0.0, Culture=neutral, PublicKeyToken=7cec85d7bea7798e],[System.String, System.Private.CoreLib, Version=8.0.0.0, Culture=neutral, PublicKeyToken=7cec85d7bea7798e],[BrainThrust.src.Dtos.UserDtos.GetUserDto, BrainThrust, Version=1.0.0.0, Culture=neutral, PublicKeyToken=null]]'.
2025-03-26 15:50:31.053 +01:00 [INF] Executed action BrainThrust.src.Controllers.UserController.Login (BrainThrust) in 4157.6158ms
2025-03-26 15:50:31.055 +01:00 [INF] Executed endpoint 'BrainThrust.src.Controllers.UserController.Login (BrainThrust)'
2025-03-26 15:50:31.074 +01:00 [INF] Request finished HTTP/1.1 POST http://localhost:5073/api/users/login - 200 null application/json; charset=utf-8 4374.5343ms
2025-03-26 15:50:45.065 +01:00 [INF] Request starting HTTP/1.1 GET http://localhost:5073/api/dashboard - null null
2025-03-26 15:50:45.173 +01:00 [INF] Executing endpoint 'BrainThrust_API.Controllers.DashboardController.GetDashboard (BrainThrust)'
2025-03-26 15:50:45.183 +01:00 [INF] Route matched with {action = "GetDashboard", controller = "Dashboard"}. Executing controller action with signature System.Threading.Tasks.Task`1[Microsoft.AspNetCore.Mvc.IActionResult] GetDashboard() on controller BrainThrust_API.Controllers.DashboardController (BrainThrust).
2025-03-26 15:50:45.275 +01:00 [INF] Executed DbCommand (5ms) [Parameters=[], CommandType='"Text"', CommandTimeout='30']
SELECT COUNT(*)
FROM [Users] AS [u]
WHERE [u].[IsDeleted] = CAST(0 AS bit)
2025-03-26 15:50:45.297 +01:00 [INF] Executed DbCommand (1ms) [Parameters=[], CommandType='"Text"', CommandTimeout='30']
SELECT COUNT(*)
FROM [Users] AS [u]
WHERE [u].[IsDeleted] = CAST(0 AS bit)
2025-03-26 15:50:45.330 +01:00 [INF] Executed DbCommand (6ms) [Parameters=[], CommandType='"Text"', CommandTimeout='30']
SELECT COUNT(*)
FROM [Users] AS [u]
WHERE [u].[IsDeleted] = CAST(0 AS bit) AND [u].[Created] >= DATEADD(day, CAST(-30.0E0 AS int), GETUTCDATE())
2025-03-26 15:50:45.356 +01:00 [INF] Executed DbCommand (3ms) [Parameters=[], CommandType='"Text"', CommandTimeout='30']
SELECT COUNT(*)
FROM [Subjects] AS [s]
WHERE [s].[IsDeleted] = CAST(0 AS bit)
2025-03-26 15:50:45.388 +01:00 [INF] Executed DbCommand (5ms) [Parameters=[], CommandType='"Text"', CommandTimeout='30']
SELECT COUNT(*)
FROM [Topics] AS [t]
WHERE [t].[IsDeleted] = CAST(0 AS bit)
2025-03-26 15:50:45.417 +01:00 [INF] Executed DbCommand (6ms) [Parameters=[], CommandType='"Text"', CommandTimeout='30']
SELECT COUNT(*)
FROM [Lessons] AS [l]
WHERE [l].[IsDeleted] = CAST(0 AS bit)
2025-03-26 15:50:45.440 +01:00 [INF] Executed DbCommand (4ms) [Parameters=[], CommandType='"Text"', CommandTimeout='30']
SELECT COUNT(*)
FROM [Quizzes] AS [q]
WHERE [q].[IsDeleted] = CAST(0 AS bit)
2025-03-26 15:50:45.692 +01:00 [INF] Executed DbCommand (5ms) [Parameters=[@__p_0='?' (DbType = Int32)], CommandType='"Text"', CommandTimeout='30']
SELECT TOP(@__p_0) [e].[SubjectId], COUNT(*) AS [Enrollments]
FROM [Enrollments] AS [e]
WHERE [e].[IsDeleted] = CAST(0 AS bit)
GROUP BY [e].[SubjectId]
ORDER BY COUNT(*) DESC
2025-03-26 15:50:45.729 +01:00 [INF] Executed DbCommand (5ms) [Parameters=[@__p_0='?' (DbType = Int32)], CommandType='"Text"', CommandTimeout='30']
SELECT TOP(@__p_0) [u].[UserId], [u].[QuizId], CAST([u].[TotalScore] AS int), [u].[IsPassed], [u].[Created]
FROM [UserQuizAttempts] AS [u]
WHERE [u].[IsDeleted] = CAST(0 AS bit)
ORDER BY [u].[Created] DESC
2025-03-26 15:50:45.766 +01:00 [INF] Executed DbCommand (5ms) [Parameters=[@__p_0='?' (DbType = Int32)], CommandType='"Text"', CommandTimeout='30']
SELECT TOP(@__p_0) [u].[UserId], CAST(CAST(COALESCE(SUM([u].[TotalScore]), 0.0) AS int) AS float) AS [TotalScore]
FROM [UserQuizAttempts] AS [u]
WHERE [u].[IsDeleted] = CAST(0 AS bit)
GROUP BY [u].[UserId]
ORDER BY CAST(CAST(COALESCE(SUM([u].[TotalScore]), 0.0) AS int) AS float) DESC
2025-03-26 15:50:45.784 +01:00 [INF] Executed DbCommand (4ms) [Parameters=[@__userId_0='?' (DbType = Int32)], CommandType='"Text"', CommandTimeout='30']
SELECT COUNT(*)
FROM [SubjectProgresses] AS [s]
WHERE [s].[IsDeleted] = CAST(0 AS bit) AND [s].[UserId] = @__userId_0 AND [s].[IsCompleted] = CAST(1 AS bit)
2025-03-26 15:50:45.801 +01:00 [INF] Executed DbCommand (4ms) [Parameters=[@__userId_0='?' (DbType = Int32)], CommandType='"Text"', CommandTimeout='30']
SELECT COUNT(*)
FROM [TopicProgresses] AS [t]
WHERE [t].[IsDeleted] = CAST(0 AS bit) AND [t].[UserId] = @__userId_0 AND [t].[IsCompleted] = CAST(1 AS bit)
2025-03-26 15:50:45.819 +01:00 [INF] Executed DbCommand (5ms) [Parameters=[@__userId_0='?' (DbType = Int32)], CommandType='"Text"', CommandTimeout='30']
SELECT COUNT(*)
FROM [LessonProgresses] AS [l]
WHERE [l].[IsDeleted] = CAST(0 AS bit) AND [l].[UserId] = @__userId_0 AND [l].[IsCompleted] = CAST(1 AS bit)
2025-03-26 15:50:45.836 +01:00 [INF] Executed DbCommand (4ms) [Parameters=[@__userId_0='?' (DbType = Int32)], CommandType='"Text"', CommandTimeout='30']
SELECT COUNT(*)
FROM [UserQuizAttempts] AS [u]
WHERE [u].[IsDeleted] = CAST(0 AS bit) AND [u].[UserId] = @__userId_0 AND [u].[IsPassed] = CAST(1 AS bit)
2025-03-26 15:50:45.852 +01:00 [INF] Executed DbCommand (4ms) [Parameters=[@__userId_0='?' (DbType = Int32)], CommandType='"Text"', CommandTimeout='30']
SELECT COUNT(*)
FROM [UserQuizAttempts] AS [u]
WHERE [u].[IsDeleted] = CAST(0 AS bit) AND [u].[UserId] = @__userId_0
2025-03-26 15:50:45.905 +01:00 [INF] Executed DbCommand (24ms) [Parameters=[@__userId_0='?' (DbType = Int32)], CommandType='"Text"', CommandTimeout='30']
SELECT COUNT(*)
FROM (
    SELECT DISTINCT [u].[QuizId]
    FROM [UserQuizAttempts] AS [u]
    WHERE [u].[IsDeleted] = CAST(0 AS bit) AND [u].[UserId] = @__userId_0
) AS [u0]
2025-03-26 15:50:45.925 +01:00 [INF] Executing OkObjectResult, writing value of type 'BrainThrust.src.Dtos.ReportDtos.DashboardDto'.
2025-03-26 15:50:45.988 +01:00 [INF] Executed action BrainThrust_API.Controllers.DashboardController.GetDashboard (BrainThrust) in 801.7068ms
2025-03-26 15:50:45.991 +01:00 [INF] Executed endpoint 'BrainThrust_API.Controllers.DashboardController.GetDashboard (BrainThrust)'
2025-03-26 15:50:45.993 +01:00 [INF] Request finished HTTP/1.1 GET http://localhost:5073/api/dashboard - 200 null application/json; charset=utf-8 928.5466ms
2025-03-26 21:04:55.224 +01:00 [WRN] As of ""2025-03-26T20:04:55.0695581+00:00"", the heartbeat has been running for ""00:00:01.1648443"" which is longer than ""00:00:01"". This could be caused by thread pool starvation.
